This is pdfTeX, Version 3.14159265-2.6-1.40.18 (TeX Live 2017/Debian) (preloaded format=latex 2018.10.12)  3 JUN 2019 22:05
entering extended mode
 restricted \write18 enabled.
 %&-line parsing enabled.
**../bnfc/SW.tex
(../bnfc/SW.tex
LaTeX2e <2017-04-15>
Babel <3.18> and hyphenation patterns for 3 language(s) loaded.

(/usr/share/texlive/texmf-dist/tex/latex/base/article.cls
Document Class: article 2014/09/29 v1.4h Standard LaTeX document class
(/usr/share/texlive/texmf-dist/tex/latex/base/size11.clo
File: size11.clo 2014/09/29 v1.4h Standard LaTeX file (size option)
)
\c@part=\count79
\c@section=\count80
\c@subsection=\count81
\c@subsubsection=\count82
\c@paragraph=\count83
\c@subparagraph=\count84
\c@figure=\count85
\c@table=\count86
\abovecaptionskip=\skip41
\belowcaptionskip=\skip42
\bibindent=\dimen102
)
No file SW.aux.
\openout1 = `SW.aux'.

LaTeX Font Info:    Checking defaults for OML/cmm/m/it on input line 9.
LaTeX Font Info:    ... okay on input line 9.
LaTeX Font Info:    Checking defaults for T1/cmr/m/n on input line 9.
LaTeX Font Info:    ... okay on input line 9.
LaTeX Font Info:    Checking defaults for OT1/cmr/m/n on input line 9.
LaTeX Font Info:    ... okay on input line 9.
LaTeX Font Info:    Checking defaults for OMS/cmsy/m/n on input line 9.
LaTeX Font Info:    ... okay on input line 9.
LaTeX Font Info:    Checking defaults for OMX/cmex/m/n on input line 9.
LaTeX Font Info:    ... okay on input line 9.
LaTeX Font Info:    Checking defaults for U/cmr/m/n on input line 9.
LaTeX Font Info:    ... okay on input line 9.
LaTeX Font Info:    External font `cmex10' loaded for size
(Font)              <12> on input line 11.
LaTeX Font Info:    External font `cmex10' loaded for size
(Font)              <8> on input line 11.
LaTeX Font Info:    External font `cmex10' loaded for size
(Font)              <6> on input line 11.
LaTeX Font Info:    External font `cmex10' loaded for size
(Font)              <10.95> on input line 26.

Overfull \hbox (1.19843pt too wide) in paragraph at lines 39--41
\OT1/cmr/m/n/10.95 Numvar lit-er-als are rec-og-nized by the reg-u-lar ex-pres-
sion $[][]([] \OMS/cmsy/m/n/10.95 j
 []


Overfull \hbox (3.6622pt too wide) in paragraph at lines 42--44
[]\OT1/cmr/m/n/10.95 Stringvar lit-er-als are rec-og-nized by the reg-u-lar ex-
pres-sion $[][]([] \OMS/cmsy/m/n/10.95 j
 []


Overfull \hbox (10.13974pt too wide) in paragraph at lines 45--47
[]\OT1/cmr/m/n/10.95 SYMVAR lit-er-als are rec-og-nized by the reg-u-lar ex-pre
s-sion $[][]([] \OMS/cmsy/m/n/10.95 j
 []


Underfull \hbox (badness 10000) in paragraph at lines 52--53

 []


Underfull \hbox (badness 10000) in paragraph at lines 54--55

 []

[1

]
Underfull \hbox (badness 10000) in paragraph at lines 56--57

 []

LaTeX Font Info:    Try loading font information for OMS+cmtt on input line 59.

LaTeX Font Info:    No file OMScmtt.fd. on input line 59.

LaTeX Font Warning: Font shape `OMS/cmtt/m/n' undefined
(Font)              using `OMS/cmsy/m/n' instead
(Font)              for symbol `textbraceleft' on input line 59.


Underfull \hbox (badness 10000) in paragraph at lines 58--64

 []


Underfull \hbox (badness 10000) in paragraph at lines 69--73

 []


Underfull \hbox (badness 10000) in paragraph at lines 74--77

 []


Underfull \hbox (badness 10000) in paragraph at lines 78--85

 []


Underfull \hbox (badness 10000) in paragraph at lines 86--90

 []


Underfull \hbox (badness 10000) in paragraph at lines 91--94

 []


Underfull \hbox (badness 10000) in paragraph at lines 95--101

 []


Underfull \hbox (badness 10000) in paragraph at lines 102--106

 []


Underfull \hbox (badness 10000) in paragraph at lines 107--110

 []


Underfull \hbox (badness 10000) in paragraph at lines 111--114

 []

[2]
Underfull \hbox (badness 10000) in paragraph at lines 115--119

 []


Underfull \hbox (badness 10000) in paragraph at lines 120--125

 []


Underfull \hbox (badness 10000) in paragraph at lines 126--129

 []


Underfull \hbox (badness 10000) in paragraph at lines 130--134

 []


Underfull \hbox (badness 10000) in paragraph at lines 135--139

 []


Underfull \hbox (badness 10000) in paragraph at lines 140--144

 []


Underfull \hbox (badness 10000) in paragraph at lines 145--151

 []


Underfull \hbox (badness 10000) in paragraph at lines 152--158

 []


Underfull \hbox (badness 10000) in paragraph at lines 159--166

 []


Underfull \hbox (badness 10000) in paragraph at lines 167--172

 []


Underfull \hbox (badness 10000) in paragraph at lines 173--176

 []


Underfull \hbox (badness 10000) in paragraph at lines 177--181

 []


Underfull \hbox (badness 10000) in paragraph at lines 182--185

 []


Underfull \hbox (badness 10000) in paragraph at lines 186--189

 []

[3]
Underfull \hbox (badness 10000) in paragraph at lines 190--194

 []


Underfull \hbox (badness 10000) in paragraph at lines 195--199

 []

[4] (./SW.aux)

LaTeX Font Warning: Some font shapes were not available, defaults substituted.

 ) 
Here is how much of TeX's memory you used:
 251 strings out of 494924
 2696 string characters out of 6180767
 59209 words of memory out of 5000000
 3640 multiletter control sequences out of 15000+600000
 9370 words of font info for 33 fonts, out of 8000000 for 9000
 14 hyphenation exceptions out of 8191
 21i,9n,19p,379b,185s stack positions out of 5000i,500n,10000p,200000b,80000s

Output written on SW.dvi (4 pages, 7716 bytes).
